[debug] [2022-11-06T09:49:11.345Z] ----------------------------------------------------------------------
[debug] [2022-11-06T09:49:11.347Z] Command:       C:\Program Files\nodejs\node.exe C:\Users\Fabia\AppData\Roaming\npm\node_modules\firebase-tools\lib\bin\firebase.js init hosting:github
[debug] [2022-11-06T09:49:11.347Z] CLI Version:   11.5.0
[debug] [2022-11-06T09:49:11.347Z] Platform:      win32
[debug] [2022-11-06T09:49:11.347Z] Node Version:  v16.16.0
[debug] [2022-11-06T09:49:11.348Z] Time:          Sun Nov 06 2022 10:49:11 GMT+0100 (Mitteleurop채ische Normalzeit)
[debug] [2022-11-06T09:49:11.348Z] ----------------------------------------------------------------------
[debug] 
[debug] [2022-11-06T09:49:11.396Z] > command requires scopes: ["email","openid","https://www.googleapis.com/auth/cloudplatformprojects.readonly","https://www.googleapis.com/auth/firebase","https://www.googleapis.com/auth/cloud-platform"]
[debug] [2022-11-06T09:49:11.396Z] > authorizing via signed-in user (taurok.turo@gmail.com)
[info] 
     ######## #### ########  ######## ########     ###     ######  ########
     ##        ##  ##     ## ##       ##     ##  ##   ##  ##       ##
     ######    ##  ########  ######   ########  #########  ######  ######
     ##        ##  ##    ##  ##       ##     ## ##     ##       ## ##
     ##       #### ##     ## ######## ########  ##     ##  ######  ########

You're about to initialize a Firebase project in this directory:

  D:\Aboat Entertainment\Talkaboat_Hosting

Before we get started, keep in mind:

  * You are initializing within an existing Firebase project directory

[info] 
=== Project Setup
[info] 
[info] First, let's associate this project directory with a Firebase project.
[info] You can create multiple project aliases by running firebase use --add, 
[info] but for now we'll just set up a default project.
[info] 
[debug] [2022-11-06T09:49:13.210Z] Using project from CLI flag: enodi-bc
[debug] [2022-11-06T09:49:13.212Z] >>> [apiv2][query] GET https://firebase.googleapis.com/v1beta1/projects/enodi-bc [none]
[debug] [2022-11-06T09:49:13.521Z] <<< [apiv2][status] GET https://firebase.googleapis.com/v1beta1/projects/enodi-bc 200
[debug] [2022-11-06T09:49:13.521Z] <<< [apiv2][body] GET https://firebase.googleapis.com/v1beta1/projects/enodi-bc {"projectId":"enodi-bc","projectNumber":"1063546575410","displayName":"Talkaboat","name":"projects/enodi-bc","resources":{"hostingSite":"enodi-bc","storageBucket":"enodi-bc.appspot.com","locationId":"europe-west"},"state":"ACTIVE","etag":"1_5896ba56-9b34-4102-bb4d-33cdd6f5451f"}
[info] i  Using project enodi-bc (Talkaboat) 
[info] 
=== Hosting:github Setup
[info] 
[info] i  Detected a .git folder at D:\Aboat Entertainment\Talkaboat_Hosting 
[info] i  Authorizing with GitHub to upload your service account to a GitHub repository's secrets store. 
[info] 
[info] Visit this URL on this device to log in:
[info] https://github.com/login/oauth/authorize?client_id=89cf50f02ac6aaed3484&state=24807801&redirect_uri=http%3A%2F%2Flocalhost%3A9005&scope=read%3Auser%20repo%20public_repo
[info] 
[info] Waiting for authentication...
[debug] [2022-11-06T09:49:13.946Z] >>> [apiv2][query] POST https://github.com/login/oauth/access_token [none]
[debug] [2022-11-06T09:49:13.947Z] >>> [apiv2][body] POST https://github.com/login/oauth/access_token [stream]
[debug] [2022-11-06T09:49:14.188Z] <<< [apiv2][status] POST https://github.com/login/oauth/access_token 200
[debug] [2022-11-06T09:49:14.189Z] <<< [apiv2][body] POST https://github.com/login/oauth/access_token {"access_token":"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","token_type":"bearer","scope":"read:user,repo"}
[debug] [2022-11-06T09:49:14.196Z] >>> [apiv2][query] GET https://api.github.com/user [none]
[debug] [2022-11-06T09:49:14.476Z] <<< [apiv2][status] GET https://api.github.com/user 200
[debug] [2022-11-06T09:49:14.476Z] <<< [apiv2][body] GET https://api.github.com/user {"login":"Skyrac","id":35764417,"node_id":"MDQ6VXNlcjM1NzY0NDE3","avatar_url":"https://avatars.githubusercontent.com/u/35764417?v=4","gravatar_id":"","url":"https://api.github.com/users/Skyrac","html_url":"https://github.com/Skyrac","followers_url":"https://api.github.com/users/Skyrac/followers","following_url":"https://api.github.com/users/Skyrac/following{/other_user}","gists_url":"https://api.github.com/users/Skyrac/gists{/gist_id}","starred_url":"https://api.github.com/users/Skyrac/starred{/owner}{/repo}","subscriptions_url":"https://api.github.com/users/Skyrac/subscriptions","organizations_url":"https://api.github.com/users/Skyrac/orgs","repos_url":"https://api.github.com/users/Skyrac/repos","events_url":"https://api.github.com/users/Skyrac/events{/privacy}","received_events_url":"https://api.github.com/users/Skyrac/received_events","type":"User","site_admin":false,"name":"Fabi","company":"Aboat Entertainment","blog":"https://talkaboat.online","location":"Germany","email":"fabian.reichenberg@aboat-entertainment.com","hireable":null,"bio":"CEO and Founder of Aboat Entertainment, an online entertainment metaverse build on blockchain. We change how creators and their community engage in the future!","twitter_username":"ItsCryptoCookie","public_repos":4,"public_gists":2,"followers":0,"following":1,"created_at":"2018-01-24T10:30:59Z","updated_at":"2022-11-06T09:36:50Z","private_gists":0,"total_private_repos":11,"owned_private_repos":11,"disk_usage":31815,"collaborators":2,"two_factor_authentication":false,"plan":{"name":"free","space":976562499,"collaborators":0,"private_repos":10000}}
[info] 
[info] +  Success! Logged into GitHub as Skyrac 
[info] 
[debug] [2022-11-06T09:49:20.637Z] >>> [apiv2][query] GET https://api.github.com/repos/Talkaboat/PodcastHosting/actions/secrets/public-key type=owner
[debug] [2022-11-06T09:49:20.843Z] <<< [apiv2][status] GET https://api.github.com/repos/Talkaboat/PodcastHosting/actions/secrets/public-key 404
[debug] [2022-11-06T09:49:20.843Z] <<< [apiv2][body] GET https://api.github.com/repos/Talkaboat/PodcastHosting/actions/secrets/public-key {"message":"Not Found","documentation_url":"https://docs.github.com/rest/reference/actions#get-a-repository-public-key"}
[debug] [2022-11-06T09:49:21.682Z] >>> [apiv2][query] GET https://api.github.com/repos/Talkaboat/PodcastHosting/actions/secrets/public-key type=owner
[debug] [2022-11-06T09:49:21.875Z] <<< [apiv2][status] GET https://api.github.com/repos/Talkaboat/PodcastHosting/actions/secrets/public-key 404
[debug] [2022-11-06T09:49:21.876Z] <<< [apiv2][body] GET https://api.github.com/repos/Talkaboat/PodcastHosting/actions/secrets/public-key {"message":"Not Found","documentation_url":"https://docs.github.com/rest/reference/actions#get-a-repository-public-key"}
[debug] [2022-11-06T09:49:26.866Z] >>> [apiv2][query] GET https://api.github.com/repos/Talkaboat/actions/secrets/public-key type=owner
[debug] [2022-11-06T09:49:27.050Z] <<< [apiv2][status] GET https://api.github.com/repos/Talkaboat/actions/secrets/public-key 404
[debug] [2022-11-06T09:49:27.050Z] <<< [apiv2][body] GET https://api.github.com/repos/Talkaboat/actions/secrets/public-key {"message":"Not Found","documentation_url":"https://docs.github.com/rest"}
[debug] [2022-11-06T09:49:35.810Z] >>> [apiv2][query] GET https://api.github.com/repos/Talkaboat/Hosting/actions/secrets/public-key type=owner
[debug] [2022-11-06T09:49:36.002Z] <<< [apiv2][status] GET https://api.github.com/repos/Talkaboat/Hosting/actions/secrets/public-key 404
[debug] [2022-11-06T09:49:36.003Z] <<< [apiv2][body] GET https://api.github.com/repos/Talkaboat/Hosting/actions/secrets/public-key {"message":"Not Found","documentation_url":"https://docs.github.com/rest/reference/actions#get-a-repository-public-key"}
[debug] [2022-11-06T09:49:42.178Z] ----------------------------------------------------------------------
[debug] [2022-11-06T09:49:42.179Z] Command:       C:\Program Files\nodejs\node.exe C:\Users\Fabia\AppData\Roaming\npm\node_modules\firebase-tools\lib\bin\firebase.js init hosting:github
[debug] [2022-11-06T09:49:42.179Z] CLI Version:   11.5.0
[debug] [2022-11-06T09:49:42.179Z] Platform:      win32
[debug] [2022-11-06T09:49:42.180Z] Node Version:  v16.16.0
[debug] [2022-11-06T09:49:42.180Z] Time:          Sun Nov 06 2022 10:49:42 GMT+0100 (Mitteleurop채ische Normalzeit)
[debug] [2022-11-06T09:49:42.180Z] ----------------------------------------------------------------------
[debug] 
[debug] [2022-11-06T09:49:42.228Z] > command requires scopes: ["email","openid","https://www.googleapis.com/auth/cloudplatformprojects.readonly","https://www.googleapis.com/auth/firebase","https://www.googleapis.com/auth/cloud-platform"]
[debug] [2022-11-06T09:49:42.229Z] > authorizing via signed-in user (taurok.turo@gmail.com)
[info] 
     ######## #### ########  ######## ########     ###     ######  ########
     ##        ##  ##     ## ##       ##     ##  ##   ##  ##       ##
     ######    ##  ########  ######   ########  #########  ######  ######
     ##        ##  ##    ##  ##       ##     ## ##     ##       ## ##
     ##       #### ##     ## ######## ########  ##     ##  ######  ########

You're about to initialize a Firebase project in this directory:

  D:\Aboat Entertainment\Talkaboat_Hosting

Before we get started, keep in mind:

  * You are initializing within an existing Firebase project directory

[info] 
=== Project Setup
[info] 
[info] First, let's associate this project directory with a Firebase project.
[info] You can create multiple project aliases by running firebase use --add, 
[info] but for now we'll just set up a default project.
[info] 
[debug] [2022-11-06T09:49:43.458Z] Using project from CLI flag: enodi-bc
[debug] [2022-11-06T09:49:43.460Z] >>> [apiv2][query] GET https://firebase.googleapis.com/v1beta1/projects/enodi-bc [none]
[debug] [2022-11-06T09:49:43.748Z] <<< [apiv2][status] GET https://firebase.googleapis.com/v1beta1/projects/enodi-bc 200
[debug] [2022-11-06T09:49:43.748Z] <<< [apiv2][body] GET https://firebase.googleapis.com/v1beta1/projects/enodi-bc {"projectId":"enodi-bc","projectNumber":"1063546575410","displayName":"Talkaboat","name":"projects/enodi-bc","resources":{"hostingSite":"enodi-bc","storageBucket":"enodi-bc.appspot.com","locationId":"europe-west"},"state":"ACTIVE","etag":"1_5896ba56-9b34-4102-bb4d-33cdd6f5451f"}
[info] i  Using project enodi-bc (Talkaboat) 
[info] 
=== Hosting:github Setup
[info] 
[info] i  Detected a .git folder at D:\Aboat Entertainment\Talkaboat_Hosting 
[info] i  Authorizing with GitHub to upload your service account to a GitHub repository's secrets store. 
[info] 
[info] Visit this URL on this device to log in:
[info] https://github.com/login/oauth/authorize?client_id=89cf50f02ac6aaed3484&state=716229908&redirect_uri=http%3A%2F%2Flocalhost%3A9005&scope=read%3Auser%20repo%20public_repo
[info] 
[info] Waiting for authentication...
[debug] [2022-11-06T09:49:44.138Z] >>> [apiv2][query] POST https://github.com/login/oauth/access_token [none]
[debug] [2022-11-06T09:49:44.139Z] >>> [apiv2][body] POST https://github.com/login/oauth/access_token [stream]
[debug] [2022-11-06T09:49:44.396Z] <<< [apiv2][status] POST https://github.com/login/oauth/access_token 200
[debug] [2022-11-06T09:49:44.396Z] <<< [apiv2][body] POST https://github.com/login/oauth/access_token {"access_token":"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","token_type":"bearer","scope":"read:user,repo"}
[debug] [2022-11-06T09:49:44.403Z] >>> [apiv2][query] GET https://api.github.com/user [none]
[debug] [2022-11-06T09:49:44.672Z] <<< [apiv2][status] GET https://api.github.com/user 200
[debug] [2022-11-06T09:49:44.672Z] <<< [apiv2][body] GET https://api.github.com/user {"login":"Skyrac","id":35764417,"node_id":"MDQ6VXNlcjM1NzY0NDE3","avatar_url":"https://avatars.githubusercontent.com/u/35764417?v=4","gravatar_id":"","url":"https://api.github.com/users/Skyrac","html_url":"https://github.com/Skyrac","followers_url":"https://api.github.com/users/Skyrac/followers","following_url":"https://api.github.com/users/Skyrac/following{/other_user}","gists_url":"https://api.github.com/users/Skyrac/gists{/gist_id}","starred_url":"https://api.github.com/users/Skyrac/starred{/owner}{/repo}","subscriptions_url":"https://api.github.com/users/Skyrac/subscriptions","organizations_url":"https://api.github.com/users/Skyrac/orgs","repos_url":"https://api.github.com/users/Skyrac/repos","events_url":"https://api.github.com/users/Skyrac/events{/privacy}","received_events_url":"https://api.github.com/users/Skyrac/received_events","type":"User","site_admin":false,"name":"Fabi","company":"Aboat Entertainment","blog":"https://talkaboat.online","location":"Germany","email":"fabian.reichenberg@aboat-entertainment.com","hireable":null,"bio":"CEO and Founder of Aboat Entertainment, an online entertainment metaverse build on blockchain. We change how creators and their community engage in the future!","twitter_username":"ItsCryptoCookie","public_repos":4,"public_gists":2,"followers":0,"following":1,"created_at":"2018-01-24T10:30:59Z","updated_at":"2022-11-06T09:36:50Z","private_gists":0,"total_private_repos":11,"owned_private_repos":11,"disk_usage":31815,"collaborators":2,"two_factor_authentication":false,"plan":{"name":"free","space":976562499,"collaborators":0,"private_repos":10000}}
[info] 
[info] +  Success! Logged into GitHub as Skyrac 
[info] 
[debug] [2022-11-06T09:49:52.837Z] >>> [apiv2][query] GET https://api.github.com/repos/Talkaboat/PodcastHosting/actions/secrets/public-key type=owner
[debug] [2022-11-06T09:49:53.028Z] <<< [apiv2][status] GET https://api.github.com/repos/Talkaboat/PodcastHosting/actions/secrets/public-key 404
[debug] [2022-11-06T09:49:53.029Z] <<< [apiv2][body] GET https://api.github.com/repos/Talkaboat/PodcastHosting/actions/secrets/public-key {"message":"Not Found","documentation_url":"https://docs.github.com/rest/reference/actions#get-a-repository-public-key"}
[debug] [2022-11-06T09:49:56.618Z] >>> [apiv2][query] GET https://api.github.com/repos/Talkaboat/PodcastHosting/actions/secrets/public-key type=owner
[debug] [2022-11-06T09:49:56.822Z] <<< [apiv2][status] GET https://api.github.com/repos/Talkaboat/PodcastHosting/actions/secrets/public-key 404
[debug] [2022-11-06T09:49:56.823Z] <<< [apiv2][body] GET https://api.github.com/repos/Talkaboat/PodcastHosting/actions/secrets/public-key {"message":"Not Found","documentation_url":"https://docs.github.com/rest/reference/actions#get-a-repository-public-key"}
[debug] [2022-11-06T09:49:59.466Z] >>> [apiv2][query] GET https://api.github.com/repos/Talkaboat/PodcastHosting/actions/secrets/public-key type=owner
[debug] [2022-11-06T09:49:59.665Z] <<< [apiv2][status] GET https://api.github.com/repos/Talkaboat/PodcastHosting/actions/secrets/public-key 404
[debug] [2022-11-06T09:49:59.665Z] <<< [apiv2][body] GET https://api.github.com/repos/Talkaboat/PodcastHosting/actions/secrets/public-key {"message":"Not Found","documentation_url":"https://docs.github.com/rest/reference/actions#get-a-repository-public-key"}
[debug] [2022-11-06T09:50:00.466Z] >>> [apiv2][query] GET https://api.github.com/repos/Talkaboat/PodcastHosting/actions/secrets/public-key type=owner
[debug] [2022-11-06T09:50:00.658Z] >>> [apiv2][query] GET https://api.github.com/repos/Talkaboat/PodcastHosting/actions/secrets/public-key type=owner
[debug] [2022-11-06T09:50:00.678Z] <<< [apiv2][status] GET https://api.github.com/repos/Talkaboat/PodcastHosting/actions/secrets/public-key 404
[debug] [2022-11-06T09:50:00.678Z] <<< [apiv2][body] GET https://api.github.com/repos/Talkaboat/PodcastHosting/actions/secrets/public-key {"message":"Not Found","documentation_url":"https://docs.github.com/rest/reference/actions#get-a-repository-public-key"}
[debug] [2022-11-06T09:50:00.826Z] >>> [apiv2][query] GET https://api.github.com/repos/Talkaboat/PodcastHosting/actions/secrets/public-key type=owner
[debug] [2022-11-06T09:50:00.853Z] <<< [apiv2][status] GET https://api.github.com/repos/Talkaboat/PodcastHosting/actions/secrets/public-key 404
[debug] [2022-11-06T09:50:00.853Z] <<< [apiv2][body] GET https://api.github.com/repos/Talkaboat/PodcastHosting/actions/secrets/public-key {"message":"Not Found","documentation_url":"https://docs.github.com/rest/reference/actions#get-a-repository-public-key"}
[debug] [2022-11-06T09:50:01.028Z] <<< [apiv2][status] GET https://api.github.com/repos/Talkaboat/PodcastHosting/actions/secrets/public-key 404
[debug] [2022-11-06T09:50:01.028Z] <<< [apiv2][body] GET https://api.github.com/repos/Talkaboat/PodcastHosting/actions/secrets/public-key {"message":"Not Found","documentation_url":"https://docs.github.com/rest/reference/actions#get-a-repository-public-key"}
[debug] [2022-11-06T09:50:01.258Z] >>> [apiv2][query] GET https://api.github.com/repos/Talkaboat/PodcastHostingTalkaboat/PodcastHosting/actions/secrets/public-key type=owner
[debug] [2022-11-06T09:50:01.446Z] <<< [apiv2][status] GET https://api.github.com/repos/Talkaboat/PodcastHostingTalkaboat/PodcastHosting/actions/secrets/public-key 404
[debug] [2022-11-06T09:50:01.447Z] <<< [apiv2][body] GET https://api.github.com/repos/Talkaboat/PodcastHostingTalkaboat/PodcastHosting/actions/secrets/public-key {"message":"Not Found","documentation_url":"https://docs.github.com/rest"}
[debug] [2022-11-06T09:50:01.770Z] >>> [apiv2][query] GET https://api.github.com/repos/Talkaboat/PodcastHostingTalkaboat/PodcastHosting/actions/secrets/public-key type=owner
[debug] [2022-11-06T09:50:01.930Z] >>> [apiv2][query] GET https://api.github.com/repos/Talkaboat/PodcastHosting/actions/secrets/public-key type=owner
[debug] [2022-11-06T09:50:01.949Z] <<< [apiv2][status] GET https://api.github.com/repos/Talkaboat/PodcastHostingTalkaboat/PodcastHosting/actions/secrets/public-key 404
[debug] [2022-11-06T09:50:01.950Z] <<< [apiv2][body] GET https://api.github.com/repos/Talkaboat/PodcastHostingTalkaboat/PodcastHosting/actions/secrets/public-key {"message":"Not Found","documentation_url":"https://docs.github.com/rest"}
[debug] [2022-11-06T09:50:02.090Z] >>> [apiv2][query] GET https://api.github.com/repos/Talkaboat/PodcastHostingTalkaboat/PodcastHosting/actions/secrets/public-key type=owner
[debug] [2022-11-06T09:50:02.123Z] <<< [apiv2][status] GET https://api.github.com/repos/Talkaboat/PodcastHosting/actions/secrets/public-key 404
[debug] [2022-11-06T09:50:02.123Z] <<< [apiv2][body] GET https://api.github.com/repos/Talkaboat/PodcastHosting/actions/secrets/public-key {"message":"Not Found","documentation_url":"https://docs.github.com/rest/reference/actions#get-a-repository-public-key"}
[debug] [2022-11-06T09:50:02.242Z] >>> [apiv2][query] GET https://api.github.com/repos/Talkaboat/PodcastHosting/actions/secrets/public-key type=owner
[debug] [2022-11-06T09:50:02.273Z] <<< [apiv2][status] GET https://api.github.com/repos/Talkaboat/PodcastHostingTalkaboat/PodcastHosting/actions/secrets/public-key 404
[debug] [2022-11-06T09:50:02.273Z] <<< [apiv2][body] GET https://api.github.com/repos/Talkaboat/PodcastHostingTalkaboat/PodcastHosting/actions/secrets/public-key {"message":"Not Found","documentation_url":"https://docs.github.com/rest"}
[debug] [2022-11-06T09:50:02.446Z] <<< [apiv2][status] GET https://api.github.com/repos/Talkaboat/PodcastHosting/actions/secrets/public-key 404
[debug] [2022-11-06T09:50:02.447Z] <<< [apiv2][body] GET https://api.github.com/repos/Talkaboat/PodcastHosting/actions/secrets/public-key {"message":"Not Found","documentation_url":"https://docs.github.com/rest/reference/actions#get-a-repository-public-key"}
[debug] [2022-11-06T09:50:03.291Z] >>> [apiv2][query] GET https://api.github.com/repos/Talkaboat/PodcastHostingTalkaboat/PodcastHostingTalkaboat/PodcastHosting/actions/secrets/public-key type=owner
[debug] [2022-11-06T09:50:03.501Z] <<< [apiv2][status] GET https://api.github.com/repos/Talkaboat/PodcastHostingTalkaboat/PodcastHostingTalkaboat/PodcastHosting/actions/secrets/public-key 404
[debug] [2022-11-06T09:50:03.502Z] <<< [apiv2][body] GET https://api.github.com/repos/Talkaboat/PodcastHostingTalkaboat/PodcastHostingTalkaboat/PodcastHosting/actions/secrets/public-key {"message":"Not Found","documentation_url":"https://docs.github.com/rest"}
[debug] [2022-11-06T09:50:03.706Z] >>> [apiv2][query] GET https://api.github.com/repos/Talkaboat/PodcastHostingTalkaboat/PodcastHostingTalkaboat/PodcastHosting/actions/secrets/public-key type=owner
[debug] [2022-11-06T09:50:03.865Z] >>> [apiv2][query] GET https://api.github.com/repos/Talkaboat/PodcastHosting/actions/secrets/public-key type=owner
[debug] [2022-11-06T09:50:03.898Z] <<< [apiv2][status] GET https://api.github.com/repos/Talkaboat/PodcastHostingTalkaboat/PodcastHostingTalkaboat/PodcastHosting/actions/secrets/public-key 404
[debug] [2022-11-06T09:50:03.898Z] <<< [apiv2][body] GET https://api.github.com/repos/Talkaboat/PodcastHostingTalkaboat/PodcastHostingTalkaboat/PodcastHosting/actions/secrets/public-key {"message":"Not Found","documentation_url":"https://docs.github.com/rest"}
[debug] [2022-11-06T09:50:04.046Z] <<< [apiv2][status] GET https://api.github.com/repos/Talkaboat/PodcastHosting/actions/secrets/public-key 404
[debug] [2022-11-06T09:50:04.046Z] <<< [apiv2][body] GET https://api.github.com/repos/Talkaboat/PodcastHosting/actions/secrets/public-key {"message":"Not Found","documentation_url":"https://docs.github.com/rest/reference/actions#get-a-repository-public-key"}
[debug] [2022-11-06T09:50:04.049Z] >>> [apiv2][query] GET https://api.github.com/repos/Talkaboat/PodcastHostingTalkaboat/PodcastHostingTalkaboat/PodcastHostingTalkaboat/PodcastHosting/actions/secrets/public-key type=owner
[debug] [2022-11-06T09:50:04.253Z] <<< [apiv2][status] GET https://api.github.com/repos/Talkaboat/PodcastHostingTalkaboat/PodcastHostingTalkaboat/PodcastHostingTalkaboat/PodcastHosting/actions/secrets/public-key 404
[debug] [2022-11-06T09:50:04.253Z] <<< [apiv2][body] GET https://api.github.com/repos/Talkaboat/PodcastHostingTalkaboat/PodcastHostingTalkaboat/PodcastHostingTalkaboat/PodcastHosting/actions/secrets/public-key {"message":"Not Found","documentation_url":"https://docs.github.com/rest"}
[debug] [2022-11-06T09:50:06.802Z] >>> [apiv2][query] GET https://api.github.com/repos/Talkaboat/PodcastHostingTalkaboat/PodcastHostingTalkaboat/PodcastHostingTalkabo/actions/secrets/public-key type=owner
[debug] [2022-11-06T09:50:06.989Z] <<< [apiv2][status] GET https://api.github.com/repos/Talkaboat/PodcastHostingTalkaboat/PodcastHostingTalkaboat/PodcastHostingTalkabo/actions/secrets/public-key 404
[debug] [2022-11-06T09:50:06.989Z] <<< [apiv2][body] GET https://api.github.com/repos/Talkaboat/PodcastHostingTalkaboat/PodcastHostingTalkaboat/PodcastHostingTalkabo/actions/secrets/public-key {"message":"Not Found","documentation_url":"https://docs.github.com/rest"}
[debug] [2022-11-06T09:50:12.114Z] >>> [apiv2][query] GET https://api.github.com/repos/Talkaboat/PodcastHosting/actions/secrets/public-key type=owner
[debug] [2022-11-06T09:50:12.320Z] <<< [apiv2][status] GET https://api.github.com/repos/Talkaboat/PodcastHosting/actions/secrets/public-key 404
[debug] [2022-11-06T09:50:12.320Z] <<< [apiv2][body] GET https://api.github.com/repos/Talkaboat/PodcastHosting/actions/secrets/public-key {"message":"Not Found","documentation_url":"https://docs.github.com/rest/reference/actions#get-a-repository-public-key"}
[debug] [2022-11-06T09:50:19.096Z] ----------------------------------------------------------------------
[debug] [2022-11-06T09:50:19.097Z] Command:       C:\Program Files\nodejs\node.exe C:\Users\Fabia\AppData\Roaming\npm\node_modules\firebase-tools\lib\bin\firebase.js init hosting:github
[debug] [2022-11-06T09:50:19.097Z] CLI Version:   11.5.0
[debug] [2022-11-06T09:50:19.098Z] Platform:      win32
[debug] [2022-11-06T09:50:19.098Z] Node Version:  v16.16.0
[debug] [2022-11-06T09:50:19.098Z] Time:          Sun Nov 06 2022 10:50:19 GMT+0100 (Mitteleurop채ische Normalzeit)
[debug] [2022-11-06T09:50:19.098Z] ----------------------------------------------------------------------
[debug] 
[debug] [2022-11-06T09:50:19.147Z] > command requires scopes: ["email","openid","https://www.googleapis.com/auth/cloudplatformprojects.readonly","https://www.googleapis.com/auth/firebase","https://www.googleapis.com/auth/cloud-platform"]
[debug] [2022-11-06T09:50:19.148Z] > authorizing via signed-in user (taurok.turo@gmail.com)
[info] 
     ######## #### ########  ######## ########     ###     ######  ########
     ##        ##  ##     ## ##       ##     ##  ##   ##  ##       ##
     ######    ##  ########  ######   ########  #########  ######  ######
     ##        ##  ##    ##  ##       ##     ## ##     ##       ## ##
     ##       #### ##     ## ######## ########  ##     ##  ######  ########

You're about to initialize a Firebase project in this directory:

  D:\Aboat Entertainment\Talkaboat_Hosting

Before we get started, keep in mind:

  * You are initializing within an existing Firebase project directory

[info] 
=== Project Setup
[info] 
[info] First, let's associate this project directory with a Firebase project.
[info] You can create multiple project aliases by running firebase use --add, 
[info] but for now we'll just set up a default project.
[info] 
[debug] [2022-11-06T09:50:21.235Z] Using project from CLI flag: enodi-bc
[debug] [2022-11-06T09:50:21.237Z] >>> [apiv2][query] GET https://firebase.googleapis.com/v1beta1/projects/enodi-bc [none]
[debug] [2022-11-06T09:50:21.490Z] <<< [apiv2][status] GET https://firebase.googleapis.com/v1beta1/projects/enodi-bc 200
[debug] [2022-11-06T09:50:21.491Z] <<< [apiv2][body] GET https://firebase.googleapis.com/v1beta1/projects/enodi-bc {"projectId":"enodi-bc","projectNumber":"1063546575410","displayName":"Talkaboat","name":"projects/enodi-bc","resources":{"hostingSite":"enodi-bc","storageBucket":"enodi-bc.appspot.com","locationId":"europe-west"},"state":"ACTIVE","etag":"1_5896ba56-9b34-4102-bb4d-33cdd6f5451f"}
[info] i  Using project enodi-bc (Talkaboat) 
[info] 
=== Hosting:github Setup
[info] 
[info] i  Detected a .git folder at D:\Aboat Entertainment\Talkaboat_Hosting 
[info] i  Authorizing with GitHub to upload your service account to a GitHub repository's secrets store. 
[info] 
[info] Visit this URL on this device to log in:
[info] https://github.com/login/oauth/authorize?client_id=89cf50f02ac6aaed3484&state=856478817&redirect_uri=http%3A%2F%2Flocalhost%3A9005&scope=read%3Auser%20repo%20public_repo
[info] 
[info] Waiting for authentication...
[debug] [2022-11-06T09:50:21.850Z] >>> [apiv2][query] POST https://github.com/login/oauth/access_token [none]
[debug] [2022-11-06T09:50:21.850Z] >>> [apiv2][body] POST https://github.com/login/oauth/access_token [stream]
[debug] [2022-11-06T09:50:22.113Z] <<< [apiv2][status] POST https://github.com/login/oauth/access_token 200
[debug] [2022-11-06T09:50:22.114Z] <<< [apiv2][body] POST https://github.com/login/oauth/access_token {"access_token":"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","token_type":"bearer","scope":"read:user,repo"}
[debug] [2022-11-06T09:50:22.122Z] >>> [apiv2][query] GET https://api.github.com/user [none]
[debug] [2022-11-06T09:50:22.634Z] <<< [apiv2][status] GET https://api.github.com/user 200
[debug] [2022-11-06T09:50:22.635Z] <<< [apiv2][body] GET https://api.github.com/user {"login":"Skyrac","id":35764417,"node_id":"MDQ6VXNlcjM1NzY0NDE3","avatar_url":"https://avatars.githubusercontent.com/u/35764417?v=4","gravatar_id":"","url":"https://api.github.com/users/Skyrac","html_url":"https://github.com/Skyrac","followers_url":"https://api.github.com/users/Skyrac/followers","following_url":"https://api.github.com/users/Skyrac/following{/other_user}","gists_url":"https://api.github.com/users/Skyrac/gists{/gist_id}","starred_url":"https://api.github.com/users/Skyrac/starred{/owner}{/repo}","subscriptions_url":"https://api.github.com/users/Skyrac/subscriptions","organizations_url":"https://api.github.com/users/Skyrac/orgs","repos_url":"https://api.github.com/users/Skyrac/repos","events_url":"https://api.github.com/users/Skyrac/events{/privacy}","received_events_url":"https://api.github.com/users/Skyrac/received_events","type":"User","site_admin":false,"name":"Fabi","company":"Aboat Entertainment","blog":"https://talkaboat.online","location":"Germany","email":"fabian.reichenberg@aboat-entertainment.com","hireable":null,"bio":"CEO and Founder of Aboat Entertainment, an online entertainment metaverse build on blockchain. We change how creators and their community engage in the future!","twitter_username":"ItsCryptoCookie","public_repos":4,"public_gists":2,"followers":0,"following":1,"created_at":"2018-01-24T10:30:59Z","updated_at":"2022-11-06T09:36:50Z","private_gists":0,"total_private_repos":11,"owned_private_repos":11,"disk_usage":31815,"collaborators":2,"two_factor_authentication":false,"plan":{"name":"free","space":976562499,"collaborators":0,"private_repos":10000}}
[info] 
[info] +  Success! Logged into GitHub as Skyrac 
[info] 
[debug] [2022-11-06T09:50:24.414Z] >>> [apiv2][query] GET https://api.github.com/repos/Talkaboat/PodcastHosting/actions/secrets/public-key type=owner
[debug] [2022-11-06T09:50:24.652Z] <<< [apiv2][status] GET https://api.github.com/repos/Talkaboat/PodcastHosting/actions/secrets/public-key 404
[debug] [2022-11-06T09:50:24.652Z] <<< [apiv2][body] GET https://api.github.com/repos/Talkaboat/PodcastHosting/actions/secrets/public-key {"message":"Not Found","documentation_url":"https://docs.github.com/rest/reference/actions#get-a-repository-public-key"}
[debug] [2022-11-06T09:50:25.090Z] >>> [apiv2][query] GET https://api.github.com/repos/Talkaboat/PodcastHosting/actions/secrets/public-key type=owner
[debug] [2022-11-06T09:50:25.299Z] <<< [apiv2][status] GET https://api.github.com/repos/Talkaboat/PodcastHosting/actions/secrets/public-key 404
[debug] [2022-11-06T09:50:25.299Z] <<< [apiv2][body] GET https://api.github.com/repos/Talkaboat/PodcastHosting/actions/secrets/public-key {"message":"Not Found","documentation_url":"https://docs.github.com/rest/reference/actions#get-a-repository-public-key"}
[debug] [2022-11-06T09:51:50.501Z] ----------------------------------------------------------------------
[debug] [2022-11-06T09:51:50.502Z] Command:       C:\Program Files\nodejs\node.exe C:\Users\Fabia\AppData\Roaming\npm\node_modules\firebase-tools\lib\bin\firebase.js init hosting:github
[debug] [2022-11-06T09:51:50.502Z] CLI Version:   11.5.0
[debug] [2022-11-06T09:51:50.503Z] Platform:      win32
[debug] [2022-11-06T09:51:50.503Z] Node Version:  v16.16.0
[debug] [2022-11-06T09:51:50.503Z] Time:          Sun Nov 06 2022 10:51:50 GMT+0100 (Mitteleurop채ische Normalzeit)
[debug] [2022-11-06T09:51:50.504Z] ----------------------------------------------------------------------
[debug] 
[debug] [2022-11-06T09:51:50.552Z] > command requires scopes: ["email","openid","https://www.googleapis.com/auth/cloudplatformprojects.readonly","https://www.googleapis.com/auth/firebase","https://www.googleapis.com/auth/cloud-platform"]
[debug] [2022-11-06T09:51:50.552Z] > authorizing via signed-in user (taurok.turo@gmail.com)
[info] 
     ######## #### ########  ######## ########     ###     ######  ########
     ##        ##  ##     ## ##       ##     ##  ##   ##  ##       ##
     ######    ##  ########  ######   ########  #########  ######  ######
     ##        ##  ##    ##  ##       ##     ## ##     ##       ## ##
     ##       #### ##     ## ######## ########  ##     ##  ######  ########

You're about to initialize a Firebase project in this directory:

  D:\Aboat Entertainment\Talkaboat_Hosting

Before we get started, keep in mind:

  * You are initializing within an existing Firebase project directory

[info] 
=== Project Setup
[info] 
[info] First, let's associate this project directory with a Firebase project.
[info] You can create multiple project aliases by running firebase use --add, 
[info] but for now we'll just set up a default project.
[info] 
[debug] [2022-11-06T09:51:51.777Z] Using project from CLI flag: enodi-bc
[debug] [2022-11-06T09:51:51.780Z] >>> [apiv2][query] GET https://firebase.googleapis.com/v1beta1/projects/enodi-bc [none]
[debug] [2022-11-06T09:51:52.063Z] <<< [apiv2][status] GET https://firebase.googleapis.com/v1beta1/projects/enodi-bc 200
[debug] [2022-11-06T09:51:52.063Z] <<< [apiv2][body] GET https://firebase.googleapis.com/v1beta1/projects/enodi-bc {"projectId":"enodi-bc","projectNumber":"1063546575410","displayName":"Talkaboat","name":"projects/enodi-bc","resources":{"hostingSite":"enodi-bc","storageBucket":"enodi-bc.appspot.com","locationId":"europe-west"},"state":"ACTIVE","etag":"1_5896ba56-9b34-4102-bb4d-33cdd6f5451f"}
[info] i  Using project enodi-bc (Talkaboat) 
[info] 
=== Hosting:github Setup
[info] 
[info] i  Detected a .git folder at D:\Aboat Entertainment\Talkaboat_Hosting 
[info] i  Authorizing with GitHub to upload your service account to a GitHub repository's secrets store. 
[info] 
[info] Visit this URL on this device to log in:
[info] https://github.com/login/oauth/authorize?client_id=89cf50f02ac6aaed3484&state=317409786&redirect_uri=http%3A%2F%2Flocalhost%3A9005&scope=read%3Auser%20repo%20public_repo
[info] 
[info] Waiting for authentication...
[debug] [2022-11-06T09:51:52.455Z] >>> [apiv2][query] POST https://github.com/login/oauth/access_token [none]
[debug] [2022-11-06T09:51:52.455Z] >>> [apiv2][body] POST https://github.com/login/oauth/access_token [stream]
[debug] [2022-11-06T09:51:52.699Z] <<< [apiv2][status] POST https://github.com/login/oauth/access_token 200
[debug] [2022-11-06T09:51:52.700Z] <<< [apiv2][body] POST https://github.com/login/oauth/access_token {"access_token":"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","token_type":"bearer","scope":"read:user,repo"}
[debug] [2022-11-06T09:51:52.705Z] >>> [apiv2][query] GET https://api.github.com/user [none]
[debug] [2022-11-06T09:51:52.939Z] <<< [apiv2][status] GET https://api.github.com/user 200
[debug] [2022-11-06T09:51:52.939Z] <<< [apiv2][body] GET https://api.github.com/user {"login":"Skyrac","id":35764417,"node_id":"MDQ6VXNlcjM1NzY0NDE3","avatar_url":"https://avatars.githubusercontent.com/u/35764417?v=4","gravatar_id":"","url":"https://api.github.com/users/Skyrac","html_url":"https://github.com/Skyrac","followers_url":"https://api.github.com/users/Skyrac/followers","following_url":"https://api.github.com/users/Skyrac/following{/other_user}","gists_url":"https://api.github.com/users/Skyrac/gists{/gist_id}","starred_url":"https://api.github.com/users/Skyrac/starred{/owner}{/repo}","subscriptions_url":"https://api.github.com/users/Skyrac/subscriptions","organizations_url":"https://api.github.com/users/Skyrac/orgs","repos_url":"https://api.github.com/users/Skyrac/repos","events_url":"https://api.github.com/users/Skyrac/events{/privacy}","received_events_url":"https://api.github.com/users/Skyrac/received_events","type":"User","site_admin":false,"name":"Fabi","company":"Aboat Entertainment","blog":"https://talkaboat.online","location":"Germany","email":"fabian.reichenberg@aboat-entertainment.com","hireable":null,"bio":"CEO and Founder of Aboat Entertainment, an online entertainment metaverse build on blockchain. We change how creators and their community engage in the future!","twitter_username":"ItsCryptoCookie","public_repos":4,"public_gists":2,"followers":0,"following":1,"created_at":"2018-01-24T10:30:59Z","updated_at":"2022-11-06T09:36:50Z","private_gists":0,"total_private_repos":11,"owned_private_repos":11,"disk_usage":31815,"collaborators":2,"two_factor_authentication":false,"plan":{"name":"free","space":976562499,"collaborators":0,"private_repos":10000}}
[info] 
[info] +  Success! Logged into GitHub as Skyrac 
[info] 
[debug] [2022-11-06T09:51:55.315Z] >>> [apiv2][query] GET https://api.github.com/repos/Talkaboat/PodcastHosting/actions/secrets/public-key type=owner
[debug] [2022-11-06T09:51:55.543Z] <<< [apiv2][status] GET https://api.github.com/repos/Talkaboat/PodcastHosting/actions/secrets/public-key 404
[debug] [2022-11-06T09:51:55.544Z] <<< [apiv2][body] GET https://api.github.com/repos/Talkaboat/PodcastHosting/actions/secrets/public-key {"message":"Not Found","documentation_url":"https://docs.github.com/rest/reference/actions#get-a-repository-public-key"}
[debug] [2022-11-06T09:51:56.233Z] >>> [apiv2][query] GET https://api.github.com/repos/Talkaboat/PodcastHosting/actions/secrets/public-key type=owner
[debug] [2022-11-06T09:51:56.457Z] <<< [apiv2][status] GET https://api.github.com/repos/Talkaboat/PodcastHosting/actions/secrets/public-key 404
[debug] [2022-11-06T09:51:56.458Z] <<< [apiv2][body] GET https://api.github.com/repos/Talkaboat/PodcastHosting/actions/secrets/public-key {"message":"Not Found","documentation_url":"https://docs.github.com/rest/reference/actions#get-a-repository-public-key"}
[debug] [2022-11-06T09:51:57.748Z] >>> [apiv2][query] GET https://api.github.com/repos/Talkaboat/PodcastHosting/actions/secrets/public-key type=owner
[debug] [2022-11-06T09:51:57.983Z] <<< [apiv2][status] GET https://api.github.com/repos/Talkaboat/PodcastHosting/actions/secrets/public-key 404
[debug] [2022-11-06T09:51:57.984Z] <<< [apiv2][body] GET https://api.github.com/repos/Talkaboat/PodcastHosting/actions/secrets/public-key {"message":"Not Found","documentation_url":"https://docs.github.com/rest/reference/actions#get-a-repository-public-key"}
[debug] [2022-11-06T09:52:00.138Z] >>> [apiv2][query] GET https://api.github.com/repos/Talkaboat/PodcastHosting/actions/secrets/public-key type=owner
[debug] [2022-11-06T09:52:00.345Z] <<< [apiv2][status] GET https://api.github.com/repos/Talkaboat/PodcastHosting/actions/secrets/public-key 404
[debug] [2022-11-06T09:52:00.346Z] <<< [apiv2][body] GET https://api.github.com/repos/Talkaboat/PodcastHosting/actions/secrets/public-key {"message":"Not Found","documentation_url":"https://docs.github.com/rest/reference/actions#get-a-repository-public-key"}
[debug] [2022-11-06T09:52:01.545Z] >>> [apiv2][query] GET https://api.github.com/repos/Talkaboat/PodcastHosting/actions/secrets/public-key type=owner
[debug] [2022-11-06T09:52:01.753Z] <<< [apiv2][status] GET https://api.github.com/repos/Talkaboat/PodcastHosting/actions/secrets/public-key 404
[debug] [2022-11-06T09:52:01.753Z] <<< [apiv2][body] GET https://api.github.com/repos/Talkaboat/PodcastHosting/actions/secrets/public-key {"message":"Not Found","documentation_url":"https://docs.github.com/rest/reference/actions#get-a-repository-public-key"}
[debug] [2022-11-06T09:52:02.265Z] >>> [apiv2][query] GET https://api.github.com/repos/Talkaboat/PodcastHosting/actions/secrets/public-key type=owner
[debug] [2022-11-06T09:52:02.505Z] <<< [apiv2][status] GET https://api.github.com/repos/Talkaboat/PodcastHosting/actions/secrets/public-key 404
[debug] [2022-11-06T09:52:02.506Z] <<< [apiv2][body] GET https://api.github.com/repos/Talkaboat/PodcastHosting/actions/secrets/public-key {"message":"Not Found","documentation_url":"https://docs.github.com/rest/reference/actions#get-a-repository-public-key"}
